{"total": {"lines":{"total":869,"covered":791,"skipped":0,"pct":91.02},"statements":{"total":869,"covered":791,"skipped":0,"pct":91.02},"functions":{"total":76,"covered":75,"skipped":0,"pct":98.68},"branches":{"total":245,"covered":196,"skipped":0,"pct":80},"branchesTrue":{"total":0,"covered":0,"skipped":0,"pct":100}}
,"/Users/karenrebecaog/Desktop/SoftwareDevProjects/ATOMUIKIT/atom-uikit-ds/packages/forms/src/context/attribution.ts": {"lines":{"total":7,"covered":1,"skipped":0,"pct":14.28},"functions":{"total":1,"covered":0,"skipped":0,"pct":0},"statements":{"total":7,"covered":1,"skipped":0,"pct":14.28},"branches":{"total":0,"covered":0,"skipped":0,"pct":100}}
,"/Users/karenrebecaog/Desktop/SoftwareDevProjects/ATOMUIKIT/atom-uikit-ds/packages/forms/src/context/geo.ts": {"lines":{"total":183,"covered":143,"skipped":0,"pct":78.14},"functions":{"total":16,"covered":16,"skipped":0,"pct":100},"statements":{"total":183,"covered":143,"skipped":0,"pct":78.14},"branches":{"total":59,"covered":35,"skipped":0,"pct":59.32}}
,"/Users/karenrebecaog/Desktop/SoftwareDevProjects/ATOMUIKIT/atom-uikit-ds/packages/forms/src/core/dom.ts": {"lines":{"total":242,"covered":223,"skipped":0,"pct":92.14},"functions":{"total":26,"covered":26,"skipped":0,"pct":100},"statements":{"total":242,"covered":223,"skipped":0,"pct":92.14},"branches":{"total":79,"covered":63,"skipped":0,"pct":79.74}}
,"/Users/karenrebecaog/Desktop/SoftwareDevProjects/ATOMUIKIT/atom-uikit-ds/packages/forms/src/core/engine.ts": {"lines":{"total":184,"covered":175,"skipped":0,"pct":95.1},"functions":{"total":12,"covered":12,"skipped":0,"pct":100},"statements":{"total":184,"covered":175,"skipped":0,"pct":95.1},"branches":{"total":46,"covered":42,"skipped":0,"pct":91.3}}
,"/Users/karenrebecaog/Desktop/SoftwareDevProjects/ATOMUIKIT/atom-uikit-ds/packages/forms/src/core/errors.ts": {"lines":{"total":80,"covered":76,"skipped":0,"pct":95},"functions":{"total":7,"covered":7,"skipped":0,"pct":100},"statements":{"total":80,"covered":76,"skipped":0,"pct":95},"branches":{"total":26,"covered":22,"skipped":0,"pct":84.61}}
,"/Users/karenrebecaog/Desktop/SoftwareDevProjects/ATOMUIKIT/atom-uikit-ds/packages/forms/src/core/registry.ts": {"lines":{"total":20,"covered":20,"skipped":0,"pct":100},"functions":{"total":3,"covered":3,"skipped":0,"pct":100},"statements":{"total":20,"covered":20,"skipped":0,"pct":100},"branches":{"total":7,"covered":7,"skipped":0,"pct":100}}
,"/Users/karenrebecaog/Desktop/SoftwareDevProjects/ATOMUIKIT/atom-uikit-ds/packages/forms/src/core/types.ts": {"lines":{"total":0,"covered":0,"skipped":0,"pct":100},"functions":{"total":1,"covered":1,"skipped":0,"pct":100},"statements":{"total":0,"covered":0,"skipped":0,"pct":100},"branches":{"total":1,"covered":1,"skipped":0,"pct":100}}
,"/Users/karenrebecaog/Desktop/SoftwareDevProjects/ATOMUIKIT/atom-uikit-ds/packages/forms/src/schemas/contract.ts": {"lines":{"total":45,"covered":45,"skipped":0,"pct":100},"functions":{"total":0,"covered":0,"skipped":0,"pct":100},"statements":{"total":45,"covered":45,"skipped":0,"pct":100},"branches":{"total":0,"covered":0,"skipped":0,"pct":100}}
,"/Users/karenrebecaog/Desktop/SoftwareDevProjects/ATOMUIKIT/atom-uikit-ds/packages/forms/src/schemas/index.ts": {"lines":{"total":28,"covered":28,"skipped":0,"pct":100},"functions":{"total":3,"covered":3,"skipped":0,"pct":100},"statements":{"total":28,"covered":28,"skipped":0,"pct":100},"branches":{"total":6,"covered":6,"skipped":0,"pct":100}}
,"/Users/karenrebecaog/Desktop/SoftwareDevProjects/ATOMUIKIT/atom-uikit-ds/packages/forms/src/schemas/lead-basic.ts": {"lines":{"total":14,"covered":14,"skipped":0,"pct":100},"functions":{"total":2,"covered":2,"skipped":0,"pct":100},"statements":{"total":14,"covered":14,"skipped":0,"pct":100},"branches":{"total":2,"covered":2,"skipped":0,"pct":100}}
,"/Users/karenrebecaog/Desktop/SoftwareDevProjects/ATOMUIKIT/atom-uikit-ds/packages/forms/src/transport/endpoint.ts": {"lines":{"total":3,"covered":3,"skipped":0,"pct":100},"functions":{"total":0,"covered":0,"skipped":0,"pct":100},"statements":{"total":3,"covered":3,"skipped":0,"pct":100},"branches":{"total":0,"covered":0,"skipped":0,"pct":100}}
,"/Users/karenrebecaog/Desktop/SoftwareDevProjects/ATOMUIKIT/atom-uikit-ds/packages/forms/src/transport/response.ts": {"lines":{"total":14,"covered":14,"skipped":0,"pct":100},"functions":{"total":1,"covered":1,"skipped":0,"pct":100},"statements":{"total":14,"covered":14,"skipped":0,"pct":100},"branches":{"total":3,"covered":3,"skipped":0,"pct":100}}
,"/Users/karenrebecaog/Desktop/SoftwareDevProjects/ATOMUIKIT/atom-uikit-ds/packages/forms/src/transport/submit.ts": {"lines":{"total":49,"covered":49,"skipped":0,"pct":100},"functions":{"total":4,"covered":4,"skipped":0,"pct":100},"statements":{"total":49,"covered":49,"skipped":0,"pct":100},"branches":{"total":16,"covered":15,"skipped":0,"pct":93.75}}
}
